<?xml version="1.0" encoding="UTF-8"?>
<!-- Generated by org.testng.reporters.JUnitReportReporter -->
<testsuite hostname="PNM-031" failures="0" tests="1" name="tests.TestClass" time="14.519" errors="0" timestamp="2024-12-19T14:03:31 IST" skipped="0">
  <testcase classname="tests.TestClass" name="testOne" time="14.519"/>
</testsuite> <!-- tests.TestClass -->
