<?xml version="1.0" encoding="UTF-8"?>
<!-- Generated by org.testng.reporters.JUnitReportReporter -->
<testsuite hostname="PNM-031" failures="0" tests="1" name="tests.TestClass1" time="21.841" errors="0" timestamp="2024-12-12T18:06:15 IST" skipped="0">
  <testcase classname="tests.TestClass1" name="testOne" time="21.841"/>
</testsuite> <!-- tests.TestClass1 -->
