<?xml version="1.0" encoding="UTF-8"?>
<!-- Generated by org.testng.reporters.JUnitReportReporter -->
<testsuite hostname="PNM-031" failures="0" tests="1" name="tests.BaseClass" time="5.848" errors="0" timestamp="2024-09-18T17:17:08 IST" skipped="0">
  <testcase classname="tests.BaseClass" name="SeekBarHandle" time="5.848"/>
</testsuite> <!-- tests.BaseClass -->
